2025-07-17 10:13:38.634 [main] INFO  com.example.weblog.web.WeblogWebApplication - Starting WeblogWebApplication using Java 17.0.12 on LAPTOP-QR8TII6M with PID 19204 (E:\IDEA\weblog-springboot\weblog-web\target\classes started by hp in E:\IDEA\weblog-springboot)
2025-07-17 10:13:38.635 [main] INFO  com.example.weblog.web.WeblogWebApplication - The following profiles are active: prod
2025-07-17 10:13:39.082 [main] INFO  o.s.boot.web.embedded.tomcat.TomcatWebServer - Tomcat initialized with port(s): 8080 (http)
2025-07-17 10:13:39.086 [main] INFO  org.apache.catalina.core.StandardService - Starting service [Tomcat]
2025-07-17 10:13:39.086 [main] INFO  org.apache.catalina.core.StandardEngine - Starting Servlet engine: [Apache Tomcat/9.0.56]
2025-07-17 10:13:39.123 [main] INFO  o.a.c.core.ContainerBase.[Tomcat].[localhost].[/] - Initializing Spring embedded WebApplicationContext
2025-07-17 10:13:39.123 [main] INFO  o.s.b.w.s.c.ServletWebServerApplicationContext - Root WebApplicationContext: initialization completed in 461 ms
2025-07-17 10:13:39.320 [main] INFO  o.s.boot.web.embedded.tomcat.TomcatWebServer - Tomcat started on port(s): 8080 (http) with context path ''
2025-07-17 10:13:39.325 [main] INFO  com.example.weblog.web.WeblogWebApplication - Started WeblogWebApplication in 0.932 seconds (JVM running for 1.3)
2025-07-17 10:18:11.170 [http-nio-8080-exec-2] INFO  o.a.c.core.ContainerBase.[Tomcat].[localhost].[/] - Initializing Spring DispatcherServlet 'dispatcherServlet'
2025-07-17 10:18:11.171 [http-nio-8080-exec-2] INFO  org.springframework.web.servlet.DispatcherServlet - Initializing Servlet 'dispatcherServlet'
2025-07-17 10:18:11.171 [http-nio-8080-exec-2] INFO  org.springframework.web.servlet.DispatcherServlet - Completed initialization in 0 ms
2025-07-17 10:18:11.214 [http-nio-8080-exec-2] INFO  c.e.w.module.common.aspect.ApiOperationLogAspect - ===== 请求开始：[测试接口], 入参：{"id":1,"name":"zhu"},请求类：TestController,请求方法：test=====================
2025-07-17 10:18:11.220 [http-nio-8080-exec-2] INFO  c.e.w.module.common.aspect.ApiOperationLogAspect - =====请求结束:[测试接口],耗时：11ms,出参：{"id":1,"name":"zhu"}============
2025-07-17 10:22:03.135 [http-nio-8080-exec-5] INFO  c.e.w.module.common.aspect.ApiOperationLogAspect - ===== 请求开始：[测试接口], 入参：{"id":1,"name":"zhu"},请求类：TestController,请求方法：test=====================
2025-07-17 10:22:03.135 [http-nio-8080-exec-5] INFO  c.e.w.module.common.aspect.ApiOperationLogAspect - =====请求结束:[测试接口],耗时：0ms,出参：{"id":1,"name":"zhu"}============
2025-07-17 10:22:53.187 [http-nio-8080-exec-6] INFO  c.e.w.module.common.aspect.ApiOperationLogAspect - ===== 请求开始：[测试接口], 入参：{"id":1,"name":"zh"},请求类：TestController,请求方法：test=====================
2025-07-17 10:22:53.187 [http-nio-8080-exec-6] INFO  c.e.w.module.common.aspect.ApiOperationLogAspect - =====请求结束:[测试接口],耗时：0ms,出参：{"id":1,"name":"zh"}============
[TracedId:  2025-07-17 10:23:40.648 [main] INFO  com.example.weblog.web.WeblogWebApplication - Starting WeblogWebApplication using Java 17.0.12 on LAPTOP-QR8TII6M with PID 3960 (E:\IDEA\weblog-springboot\weblog-web\target\classes started by hp in E:\IDEA\weblog-springboot)
[TracedId:  2025-07-17 10:23:40.648 [main] INFO  com.example.weblog.web.WeblogWebApplication - The following profiles are active: prod
[TracedId:  2025-07-17 10:23:41.052 [main] INFO  o.s.boot.web.embedded.tomcat.TomcatWebServer - Tomcat initialized with port(s): 8080 (http)
[TracedId:  2025-07-17 10:23:41.056 [main] INFO  org.apache.catalina.core.StandardService - Starting service [Tomcat]
[TracedId:  2025-07-17 10:23:41.056 [main] INFO  org.apache.catalina.core.StandardEngine - Starting Servlet engine: [Apache Tomcat/9.0.56]
[TracedId:  2025-07-17 10:23:41.090 [main] INFO  o.a.c.core.ContainerBase.[Tomcat].[localhost].[/] - Initializing Spring embedded WebApplicationContext
[TracedId:  2025-07-17 10:23:41.090 [main] INFO  o.s.b.w.s.c.ServletWebServerApplicationContext - Root WebApplicationContext: initialization completed in 422 ms
[TracedId:  2025-07-17 10:23:41.309 [main] INFO  o.s.boot.web.embedded.tomcat.TomcatWebServer - Tomcat started on port(s): 8080 (http) with context path ''
[TracedId:  2025-07-17 10:23:41.314 [main] INFO  com.example.weblog.web.WeblogWebApplication - Started WeblogWebApplication in 0.899 seconds (JVM running for 1.235)
[TracedId:  2025-07-17 10:23:47.608 [http-nio-8080-exec-2] INFO  o.a.c.core.ContainerBase.[Tomcat].[localhost].[/] - Initializing Spring DispatcherServlet 'dispatcherServlet'
[TracedId:  2025-07-17 10:23:47.608 [http-nio-8080-exec-2] INFO  org.springframework.web.servlet.DispatcherServlet - Initializing Servlet 'dispatcherServlet'
[TracedId:  2025-07-17 10:23:47.609 [http-nio-8080-exec-2] INFO  org.springframework.web.servlet.DispatcherServlet - Completed initialization in 1 ms
[TracedId:  2025-07-17 10:23:47.657 [http-nio-8080-exec-2] INFO  c.e.w.module.common.aspect.ApiOperationLogAspect - ===== 请求开始：[测试接口], 入参：{"id":1,"name":"zh"},请求类：TestController,请求方法：test=====================
[TracedId:  2025-07-17 10:23:47.661 [http-nio-8080-exec-2] INFO  c.e.w.module.common.aspect.ApiOperationLogAspect - =====请求结束:[测试接口],耗时：11ms,出参：{"id":1,"name":"zh"}============
[TracedId: ] 2025-07-17 10:26:12.208 [main] INFO  com.example.weblog.web.WeblogWebApplication - Starting WeblogWebApplication using Java 17.0.12 on LAPTOP-QR8TII6M with PID 14344 (E:\IDEA\weblog-springboot\weblog-web\target\classes started by hp in E:\IDEA\weblog-springboot)
[TracedId: ] 2025-07-17 10:26:12.210 [main] INFO  com.example.weblog.web.WeblogWebApplication - The following profiles are active: prod
[TracedId: ] 2025-07-17 10:26:12.666 [main] INFO  o.s.boot.web.embedded.tomcat.TomcatWebServer - Tomcat initialized with port(s): 8080 (http)
[TracedId: ] 2025-07-17 10:26:12.670 [main] INFO  org.apache.catalina.core.StandardService - Starting service [Tomcat]
[TracedId: ] 2025-07-17 10:26:12.670 [main] INFO  org.apache.catalina.core.StandardEngine - Starting Servlet engine: [Apache Tomcat/9.0.56]
[TracedId: ] 2025-07-17 10:26:12.706 [main] INFO  o.a.c.core.ContainerBase.[Tomcat].[localhost].[/] - Initializing Spring embedded WebApplicationContext
[TracedId: ] 2025-07-17 10:26:12.706 [main] INFO  o.s.b.w.s.c.ServletWebServerApplicationContext - Root WebApplicationContext: initialization completed in 466 ms
[TracedId: ] 2025-07-17 10:26:12.899 [main] INFO  o.s.boot.web.embedded.tomcat.TomcatWebServer - Tomcat started on port(s): 8080 (http) with context path ''
[TracedId: ] 2025-07-17 10:26:12.903 [main] INFO  com.example.weblog.web.WeblogWebApplication - Started WeblogWebApplication in 0.954 seconds (JVM running for 1.308)
[TracedId: ] 2025-07-17 10:26:24.199 [http-nio-8080-exec-1] INFO  o.a.c.core.ContainerBase.[Tomcat].[localhost].[/] - Initializing Spring DispatcherServlet 'dispatcherServlet'
[TracedId: ] 2025-07-17 10:26:24.199 [http-nio-8080-exec-1] INFO  org.springframework.web.servlet.DispatcherServlet - Initializing Servlet 'dispatcherServlet'
[TracedId: ] 2025-07-17 10:26:24.200 [http-nio-8080-exec-1] INFO  org.springframework.web.servlet.DispatcherServlet - Completed initialization in 0 ms
[TracedId: ] 2025-07-17 10:26:24.247 [http-nio-8080-exec-1] INFO  c.e.w.module.common.aspect.ApiOperationLogAspect - ===== 请求开始：[测试接口], 入参：{"id":0,"name":"zh"},请求类：TestController,请求方法：test=====================
[TracedId: ] 2025-07-17 10:26:24.251 [http-nio-8080-exec-1] INFO  c.e.w.module.common.aspect.ApiOperationLogAspect - =====请求结束:[测试接口],耗时：11ms,出参：{"id":0,"name":"zh"}============
[TracedId: ] 2025-07-17 10:28:15.298 [main] INFO  com.example.weblog.web.WeblogWebApplication - Starting WeblogWebApplication using Java 17.0.12 on LAPTOP-QR8TII6M with PID 5124 (E:\IDEA\weblog-springboot\weblog-web\target\classes started by hp in E:\IDEA\weblog-springboot)
[TracedId: ] 2025-07-17 10:28:15.299 [main] INFO  com.example.weblog.web.WeblogWebApplication - The following profiles are active: prod
[TracedId: ] 2025-07-17 10:28:15.748 [main] INFO  o.s.boot.web.embedded.tomcat.TomcatWebServer - Tomcat initialized with port(s): 8080 (http)
[TracedId: ] 2025-07-17 10:28:15.752 [main] INFO  org.apache.catalina.core.StandardService - Starting service [Tomcat]
[TracedId: ] 2025-07-17 10:28:15.752 [main] INFO  org.apache.catalina.core.StandardEngine - Starting Servlet engine: [Apache Tomcat/9.0.56]
[TracedId: ] 2025-07-17 10:28:15.785 [main] INFO  o.a.c.core.ContainerBase.[Tomcat].[localhost].[/] - Initializing Spring embedded WebApplicationContext
[TracedId: ] 2025-07-17 10:28:15.785 [main] INFO  o.s.b.w.s.c.ServletWebServerApplicationContext - Root WebApplicationContext: initialization completed in 460 ms
[TracedId: ] 2025-07-17 10:28:15.973 [main] INFO  o.s.boot.web.embedded.tomcat.TomcatWebServer - Tomcat started on port(s): 8080 (http) with context path ''
[TracedId: ] 2025-07-17 10:28:15.978 [main] INFO  com.example.weblog.web.WeblogWebApplication - Started WeblogWebApplication in 0.928 seconds (JVM running for 1.257)
[TracedId: ] 2025-07-17 10:28:20.119 [http-nio-8080-exec-1] INFO  o.a.c.core.ContainerBase.[Tomcat].[localhost].[/] - Initializing Spring DispatcherServlet 'dispatcherServlet'
[TracedId: ] 2025-07-17 10:28:20.119 [http-nio-8080-exec-1] INFO  org.springframework.web.servlet.DispatcherServlet - Initializing Servlet 'dispatcherServlet'
[TracedId: ] 2025-07-17 10:28:20.120 [http-nio-8080-exec-1] INFO  org.springframework.web.servlet.DispatcherServlet - Completed initialization in 1 ms
[TracedId: ] 2025-07-17 10:28:20.162 [http-nio-8080-exec-1] INFO  c.e.w.module.common.aspect.ApiOperationLogAspect - ===== 请求开始：[测试接口], 入参：{"id":0,"name":"zh"},请求类：TestController,请求方法：test=====================
[TracedId: ] 2025-07-17 10:28:20.167 [http-nio-8080-exec-1] INFO  c.e.w.module.common.aspect.ApiOperationLogAspect - =====请求结束:[测试接口],耗时：12ms,出参：{"id":0,"name":"zh"}============
[TracedId: ] 2025-07-17 10:36:38.049 [main] INFO  com.example.weblog.web.WeblogWebApplication - Starting WeblogWebApplication using Java 17.0.12 on LAPTOP-QR8TII6M with PID 16708 (E:\IDEA\weblog-springboot\weblog-web\target\classes started by hp in E:\IDEA\weblog-springboot)
[TracedId: ] 2025-07-17 10:36:38.050 [main] INFO  com.example.weblog.web.WeblogWebApplication - The following profiles are active: prod
[TracedId: ] 2025-07-17 10:36:38.462 [main] INFO  o.s.boot.web.embedded.tomcat.TomcatWebServer - Tomcat initialized with port(s): 8080 (http)
[TracedId: ] 2025-07-17 10:36:38.466 [main] INFO  org.apache.catalina.core.StandardService - Starting service [Tomcat]
[TracedId: ] 2025-07-17 10:36:38.466 [main] INFO  org.apache.catalina.core.StandardEngine - Starting Servlet engine: [Apache Tomcat/9.0.56]
[TracedId: ] 2025-07-17 10:36:38.500 [main] INFO  o.a.c.core.ContainerBase.[Tomcat].[localhost].[/] - Initializing Spring embedded WebApplicationContext
[TracedId: ] 2025-07-17 10:36:38.500 [main] INFO  o.s.b.w.s.c.ServletWebServerApplicationContext - Root WebApplicationContext: initialization completed in 428 ms
[TracedId: ] 2025-07-17 10:36:38.682 [main] INFO  o.s.boot.web.embedded.tomcat.TomcatWebServer - Tomcat started on port(s): 8080 (http) with context path ''
[TracedId: ] 2025-07-17 10:36:38.686 [main] INFO  com.example.weblog.web.WeblogWebApplication - Started WeblogWebApplication in 0.875 seconds (JVM running for 1.177)
[TracedId: ] 2025-07-17 10:36:45.616 [http-nio-8080-exec-2] INFO  o.a.c.core.ContainerBase.[Tomcat].[localhost].[/] - Initializing Spring DispatcherServlet 'dispatcherServlet'
[TracedId: ] 2025-07-17 10:36:45.616 [http-nio-8080-exec-2] INFO  org.springframework.web.servlet.DispatcherServlet - Initializing Servlet 'dispatcherServlet'
[TracedId: ] 2025-07-17 10:36:45.616 [http-nio-8080-exec-2] INFO  org.springframework.web.servlet.DispatcherServlet - Completed initialization in 0 ms
[TracedId: ] 2025-07-17 10:36:45.658 [http-nio-8080-exec-2] INFO  c.e.w.module.common.aspect.ApiOperationLogAspect - ===== 请求开始：[测试接口], 入参：{"id":0,"name":"zh"},请求类：TestController,请求方法：test=====================
[TracedId: ] 2025-07-17 10:36:45.663 [http-nio-8080-exec-2] INFO  c.e.w.module.common.aspect.ApiOperationLogAspect - =====请求结束:[测试接口],耗时：12ms,出参：{"id":0,"name":"zh"}============
[TracedId: ] 2025-07-17 10:37:35.788 [main] INFO  com.example.weblog.web.WeblogWebApplication - Starting WeblogWebApplication using Java 17.0.12 on LAPTOP-QR8TII6M with PID 18240 (E:\IDEA\weblog-springboot\weblog-web\target\classes started by hp in E:\IDEA\weblog-springboot)
[TracedId: ] 2025-07-17 10:37:35.789 [main] INFO  com.example.weblog.web.WeblogWebApplication - The following profiles are active: prod
[TracedId: ] 2025-07-17 10:37:36.235 [main] INFO  o.s.boot.web.embedded.tomcat.TomcatWebServer - Tomcat initialized with port(s): 8080 (http)
[TracedId: ] 2025-07-17 10:37:36.239 [main] INFO  org.apache.catalina.core.StandardService - Starting service [Tomcat]
[TracedId: ] 2025-07-17 10:37:36.239 [main] INFO  org.apache.catalina.core.StandardEngine - Starting Servlet engine: [Apache Tomcat/9.0.56]
[TracedId: ] 2025-07-17 10:37:36.276 [main] INFO  o.a.c.core.ContainerBase.[Tomcat].[localhost].[/] - Initializing Spring embedded WebApplicationContext
[TracedId: ] 2025-07-17 10:37:36.276 [main] INFO  o.s.b.w.s.c.ServletWebServerApplicationContext - Root WebApplicationContext: initialization completed in 463 ms
[TracedId: ] 2025-07-17 10:37:36.463 [main] INFO  o.s.boot.web.embedded.tomcat.TomcatWebServer - Tomcat started on port(s): 8080 (http) with context path ''
[TracedId: ] 2025-07-17 10:37:36.467 [main] INFO  com.example.weblog.web.WeblogWebApplication - Started WeblogWebApplication in 0.927 seconds (JVM running for 1.268)
[TracedId: ] 2025-07-17 10:37:43.821 [http-nio-8080-exec-1] INFO  o.a.c.core.ContainerBase.[Tomcat].[localhost].[/] - Initializing Spring DispatcherServlet 'dispatcherServlet'
[TracedId: ] 2025-07-17 10:37:43.821 [http-nio-8080-exec-1] INFO  org.springframework.web.servlet.DispatcherServlet - Initializing Servlet 'dispatcherServlet'
[TracedId: ] 2025-07-17 10:37:43.821 [http-nio-8080-exec-1] INFO  org.springframework.web.servlet.DispatcherServlet - Completed initialization in 0 ms
[TracedId: ] 2025-07-17 10:37:43.864 [http-nio-8080-exec-1] INFO  c.e.w.module.common.aspect.ApiOperationLogAspect - ===== 请求开始：[测试接口], 入参：{"id":0,"name":"zh"},请求类：TestController,请求方法：test=====================
[TracedId: ] 2025-07-17 10:37:43.869 [http-nio-8080-exec-1] INFO  c.e.w.module.common.aspect.ApiOperationLogAspect - =====请求结束:[测试接口],耗时：10ms,出参：{"id":0,"name":"zh"}============
[TracedId: ] 2025-07-17 10:43:09.284 [main] INFO  com.example.weblog.web.WeblogWebApplication - Starting WeblogWebApplication using Java 17.0.12 on LAPTOP-QR8TII6M with PID 9576 (E:\IDEA\weblog-springboot\weblog-web\target\classes started by hp in E:\IDEA\weblog-springboot)
[TracedId: ] 2025-07-17 10:43:09.285 [main] INFO  com.example.weblog.web.WeblogWebApplication - The following profiles are active: prod
[TracedId: ] 2025-07-17 10:43:09.709 [main] INFO  o.s.boot.web.embedded.tomcat.TomcatWebServer - Tomcat initialized with port(s): 8080 (http)
[TracedId: ] 2025-07-17 10:43:09.714 [main] INFO  org.apache.catalina.core.StandardService - Starting service [Tomcat]
[TracedId: ] 2025-07-17 10:43:09.714 [main] INFO  org.apache.catalina.core.StandardEngine - Starting Servlet engine: [Apache Tomcat/9.0.56]
[TracedId: ] 2025-07-17 10:43:09.751 [main] INFO  o.a.c.core.ContainerBase.[Tomcat].[localhost].[/] - Initializing Spring embedded WebApplicationContext
[TracedId: ] 2025-07-17 10:43:09.751 [main] INFO  o.s.b.w.s.c.ServletWebServerApplicationContext - Root WebApplicationContext: initialization completed in 440 ms
[TracedId: ] 2025-07-17 10:43:09.929 [main] INFO  o.s.boot.web.embedded.tomcat.TomcatWebServer - Tomcat started on port(s): 8080 (http) with context path ''
[TracedId: ] 2025-07-17 10:43:09.934 [main] INFO  com.example.weblog.web.WeblogWebApplication - Started WeblogWebApplication in 0.894 seconds (JVM running for 1.209)
[TracedId: ] 2025-07-17 10:43:20.239 [http-nio-8080-exec-1] INFO  o.a.c.core.ContainerBase.[Tomcat].[localhost].[/] - Initializing Spring DispatcherServlet 'dispatcherServlet'
[TracedId: ] 2025-07-17 10:43:20.239 [http-nio-8080-exec-1] INFO  org.springframework.web.servlet.DispatcherServlet - Initializing Servlet 'dispatcherServlet'
[TracedId: ] 2025-07-17 10:43:20.240 [http-nio-8080-exec-1] INFO  org.springframework.web.servlet.DispatcherServlet - Completed initialization in 1 ms
[TracedId: aa156bbc-d2a8-417d-b42b-d47238501b41] 2025-07-17 10:43:20.284 [http-nio-8080-exec-1] INFO  c.e.w.module.common.aspect.ApiOperationLogAspect - ===== 请求开始：[测试接口], 入参：{"id":0,"name":"zh"},请求类：TestController,请求方法：test=====================
[TracedId: aa156bbc-d2a8-417d-b42b-d47238501b41] 2025-07-17 10:43:20.288 [http-nio-8080-exec-1] INFO  c.e.w.module.common.aspect.ApiOperationLogAspect - =====请求结束:[测试接口],耗时：11ms,出参：{"id":0,"name":"zh"}============
[TracedId: ] 2025-07-17 11:14:16.630 [main] INFO  com.example.weblog.web.WeblogWebApplication - Starting WeblogWebApplication using Java 17.0.12 on LAPTOP-QR8TII6M with PID 19204 (E:\IDEA\weblog-springboot\weblog-web\target\classes started by hp in E:\IDEA\weblog-springboot)
[TracedId: ] 2025-07-17 11:14:16.631 [main] INFO  com.example.weblog.web.WeblogWebApplication - The following profiles are active: prod
[TracedId: ] 2025-07-17 11:14:17.123 [main] INFO  o.s.boot.web.embedded.tomcat.TomcatWebServer - Tomcat initialized with port(s): 8080 (http)
[TracedId: ] 2025-07-17 11:14:17.127 [main] INFO  org.apache.catalina.core.StandardService - Starting service [Tomcat]
[TracedId: ] 2025-07-17 11:14:17.127 [main] INFO  org.apache.catalina.core.StandardEngine - Starting Servlet engine: [Apache Tomcat/9.0.56]
[TracedId: ] 2025-07-17 11:14:17.164 [main] INFO  o.a.c.core.ContainerBase.[Tomcat].[localhost].[/] - Initializing Spring embedded WebApplicationContext
[TracedId: ] 2025-07-17 11:14:17.164 [main] INFO  o.s.b.w.s.c.ServletWebServerApplicationContext - Root WebApplicationContext: initialization completed in 505 ms
[TracedId: ] 2025-07-17 11:14:17.350 [main] INFO  o.s.boot.web.embedded.tomcat.TomcatWebServer - Tomcat started on port(s): 8080 (http) with context path ''
[TracedId: ] 2025-07-17 11:14:17.355 [main] INFO  com.example.weblog.web.WeblogWebApplication - Started WeblogWebApplication in 0.984 seconds (JVM running for 1.323)
[TracedId: ] 2025-07-17 11:15:50.655 [http-nio-8080-exec-1] INFO  o.a.c.core.ContainerBase.[Tomcat].[localhost].[/] - Initializing Spring DispatcherServlet 'dispatcherServlet'
[TracedId: ] 2025-07-17 11:15:50.655 [http-nio-8080-exec-1] INFO  org.springframework.web.servlet.DispatcherServlet - Initializing Servlet 'dispatcherServlet'
[TracedId: ] 2025-07-17 11:15:50.655 [http-nio-8080-exec-1] INFO  org.springframework.web.servlet.DispatcherServlet - Completed initialization in 0 ms
[TracedId: 43e62881-db13-47e5-9a52-775a4d88a235] 2025-07-17 11:15:50.740 [http-nio-8080-exec-1] INFO  c.e.w.module.common.aspect.ApiOperationLogAspect - ===== 请求开始：[测试接口], 入参：{"id":0,"name":"zh","age":19,"email":"zhuyanmei12_2023@qq.com"}, org.springframework.validation.BeanPropertyBindingResult: 0 errors,请求类：TestController,请求方法：test=====================
[TracedId: 43e62881-db13-47e5-9a52-775a4d88a235] 2025-07-17 11:15:50.753 [http-nio-8080-exec-1] INFO  c.e.w.module.common.aspect.ApiOperationLogAspect - =====请求结束:[测试接口],耗时：20ms,出参：{"headers":{},"body":"参数没有任何问题","statusCode":"OK","statusCodeValue":200}============
[TracedId: 9784ea19-cbcc-408c-beef-79b08e79a672] 2025-07-17 11:16:02.035 [http-nio-8080-exec-3] INFO  c.e.w.module.common.aspect.ApiOperationLogAspect - ===== 请求开始：[测试接口], 入参：{"id":0,"name":" ","age":19,"email":"zhuyanmei12_2023@qq.com"}, org.springframework.validation.BeanPropertyBindingResult: 1 errors
Field error in object 'user' on field 'name': rejected value [ ]; codes [NotBlank.user.name,NotBlank.name,NotBlank.java.lang.String,NotBlank]; arguments [org.springframework.context.support.DefaultMessageSourceResolvable: codes [user.name,name]; arguments []; default message [name]]; default message [用户名不能为空],请求类：TestController,请求方法：test=====================
[TracedId: 9784ea19-cbcc-408c-beef-79b08e79a672] 2025-07-17 11:16:02.035 [http-nio-8080-exec-3] INFO  c.e.w.module.common.aspect.ApiOperationLogAspect - =====请求结束:[测试接口],耗时：1ms,出参：{"headers":{},"body":"用户名不能为空","statusCode":"BAD_REQUEST","statusCodeValue":400}============
[TracedId: ] 2025-07-17 14:21:26.690 [main] INFO  com.example.weblog.web.WeblogWebApplication - Starting WeblogWebApplication using Java 17.0.12 on LAPTOP-QR8TII6M with PID 5560 (E:\IDEA\weblog-springboot\weblog-web\target\classes started by hp in E:\IDEA\weblog-springboot)
[TracedId: ] 2025-07-17 14:21:26.692 [main] INFO  com.example.weblog.web.WeblogWebApplication - The following profiles are active: prod
[TracedId: ] 2025-07-17 14:21:27.273 [main] INFO  o.s.boot.web.embedded.tomcat.TomcatWebServer - Tomcat initialized with port(s): 8080 (http)
[TracedId: ] 2025-07-17 14:21:27.279 [main] INFO  org.apache.catalina.core.StandardService - Starting service [Tomcat]
[TracedId: ] 2025-07-17 14:21:27.279 [main] INFO  org.apache.catalina.core.StandardEngine - Starting Servlet engine: [Apache Tomcat/9.0.56]
[TracedId: ] 2025-07-17 14:21:27.338 [main] INFO  o.a.c.core.ContainerBase.[Tomcat].[localhost].[/] - Initializing Spring embedded WebApplicationContext
[TracedId: ] 2025-07-17 14:21:27.338 [main] INFO  o.s.b.w.s.c.ServletWebServerApplicationContext - Root WebApplicationContext: initialization completed in 620 ms
[TracedId: ] 2025-07-17 14:21:27.564 [main] WARN  o.s.b.w.s.c.AnnotationConfigServletWebServerApplicationContext - Exception encountered during context initialization - cancelling refresh attempt: org.springframework.context.ApplicationContextException: Failed to start bean 'webServerStartStop'; nested exception is org.springframework.boot.web.server.PortInUseException: Port 8080 is already in use
[TracedId: ] 2025-07-17 14:21:27.566 [main] INFO  org.apache.catalina.core.StandardService - Stopping service [Tomcat]
[TracedId: ] 2025-07-17 14:21:27.573 [main] INFO  o.s.b.a.l.ConditionEvaluationReportLoggingListener - 

Error starting ApplicationContext. To display the conditions report re-run your application with 'debug' enabled.
[TracedId: ] 2025-07-17 14:21:27.580 [main] ERROR o.s.b.diagnostics.LoggingFailureAnalysisReporter - 

***************************
APPLICATION FAILED TO START
***************************

Description:

Web server failed to start. Port 8080 was already in use.

Action:

Identify and stop the process that's listening on port 8080 or configure this application to listen on another port.

[TracedId: ] 2025-07-17 14:23:21.253 [main] INFO  com.example.weblog.web.WeblogWebApplication - Starting WeblogWebApplication using Java 17.0.12 on LAPTOP-QR8TII6M with PID 2912 (E:\IDEA\weblog-springboot\weblog-web\target\classes started by hp in E:\IDEA\weblog-springboot)
[TracedId: ] 2025-07-17 14:23:21.254 [main] INFO  com.example.weblog.web.WeblogWebApplication - The following profiles are active: prod
[TracedId: ] 2025-07-17 14:23:21.744 [main] INFO  o.s.boot.web.embedded.tomcat.TomcatWebServer - Tomcat initialized with port(s): 8080 (http)
[TracedId: ] 2025-07-17 14:23:21.750 [main] INFO  org.apache.catalina.core.StandardService - Starting service [Tomcat]
[TracedId: ] 2025-07-17 14:23:21.750 [main] INFO  org.apache.catalina.core.StandardEngine - Starting Servlet engine: [Apache Tomcat/9.0.56]
[TracedId: ] 2025-07-17 14:23:21.794 [main] INFO  o.a.c.core.ContainerBase.[Tomcat].[localhost].[/] - Initializing Spring embedded WebApplicationContext
[TracedId: ] 2025-07-17 14:23:21.794 [main] INFO  o.s.b.w.s.c.ServletWebServerApplicationContext - Root WebApplicationContext: initialization completed in 512 ms
[TracedId: ] 2025-07-17 14:23:21.982 [main] INFO  o.s.boot.web.embedded.tomcat.TomcatWebServer - Tomcat started on port(s): 8080 (http) with context path ''
[TracedId: ] 2025-07-17 14:23:21.987 [main] INFO  com.example.weblog.web.WeblogWebApplication - Started WeblogWebApplication in 0.972 seconds (JVM running for 1.295)
[TracedId: ] 2025-07-17 14:23:49.719 [http-nio-8080-exec-2] INFO  o.a.c.core.ContainerBase.[Tomcat].[localhost].[/] - Initializing Spring DispatcherServlet 'dispatcherServlet'
[TracedId: ] 2025-07-17 14:23:49.719 [http-nio-8080-exec-2] INFO  org.springframework.web.servlet.DispatcherServlet - Initializing Servlet 'dispatcherServlet'
[TracedId: ] 2025-07-17 14:23:49.719 [http-nio-8080-exec-2] INFO  org.springframework.web.servlet.DispatcherServlet - Completed initialization in 0 ms
[TracedId: 1bdca51f-2930-43b6-bd2d-5230fedebcbb] 2025-07-17 14:23:49.830 [http-nio-8080-exec-2] INFO  c.e.w.module.common.aspect.ApiOperationLogAspect - ===== 请求开始：[测试接口], 入参：{"id":0,"name":" ","age":19,"email":"zhuyanmei12_2023@qq.com"}, org.springframework.validation.BeanPropertyBindingResult: 1 errors
Field error in object 'user' on field 'name': rejected value [ ]; codes [NotBlank.user.name,NotBlank.name,NotBlank.java.lang.String,NotBlank]; arguments [org.springframework.context.support.DefaultMessageSourceResolvable: codes [user.name,name]; arguments []; default message [name]]; default message [用户名不能为空],请求类：TestController,请求方法：test=====================
[TracedId: 1bdca51f-2930-43b6-bd2d-5230fedebcbb] 2025-07-17 14:23:49.844 [http-nio-8080-exec-2] INFO  c.e.w.module.common.aspect.ApiOperationLogAspect - =====请求结束:[测试接口],耗时：31ms,出参：{"success":false,"message":"用户名不能为空","errorCode":null,"data":null}============
[TracedId: ] 2025-07-17 14:26:37.074 [main] INFO  com.example.weblog.web.WeblogWebApplication - Starting WeblogWebApplication using Java 17.0.12 on LAPTOP-QR8TII6M with PID 4332 (E:\IDEA\weblog-springboot\weblog-web\target\classes started by hp in E:\IDEA\weblog-springboot)
[TracedId: ] 2025-07-17 14:26:37.075 [main] INFO  com.example.weblog.web.WeblogWebApplication - The following profiles are active: prod
[TracedId: ] 2025-07-17 14:26:37.577 [main] INFO  o.s.boot.web.embedded.tomcat.TomcatWebServer - Tomcat initialized with port(s): 8080 (http)
[TracedId: ] 2025-07-17 14:26:37.581 [main] INFO  org.apache.catalina.core.StandardService - Starting service [Tomcat]
[TracedId: ] 2025-07-17 14:26:37.581 [main] INFO  org.apache.catalina.core.StandardEngine - Starting Servlet engine: [Apache Tomcat/9.0.56]
[TracedId: ] 2025-07-17 14:26:37.618 [main] INFO  o.a.c.core.ContainerBase.[Tomcat].[localhost].[/] - Initializing Spring embedded WebApplicationContext
[TracedId: ] 2025-07-17 14:26:37.618 [main] INFO  o.s.b.w.s.c.ServletWebServerApplicationContext - Root WebApplicationContext: initialization completed in 516 ms
[TracedId: ] 2025-07-17 14:26:37.808 [main] INFO  o.s.boot.web.embedded.tomcat.TomcatWebServer - Tomcat started on port(s): 8080 (http) with context path ''
[TracedId: ] 2025-07-17 14:26:37.813 [main] INFO  com.example.weblog.web.WeblogWebApplication - Started WeblogWebApplication in 1.004 seconds (JVM running for 1.373)
[TracedId: ] 2025-07-17 14:26:45.480 [http-nio-8080-exec-1] INFO  o.a.c.core.ContainerBase.[Tomcat].[localhost].[/] - Initializing Spring DispatcherServlet 'dispatcherServlet'
[TracedId: ] 2025-07-17 14:26:45.480 [http-nio-8080-exec-1] INFO  org.springframework.web.servlet.DispatcherServlet - Initializing Servlet 'dispatcherServlet'
[TracedId: ] 2025-07-17 14:26:45.481 [http-nio-8080-exec-1] INFO  org.springframework.web.servlet.DispatcherServlet - Completed initialization in 1 ms
[TracedId: a99e3f33-ef19-46a5-a724-0545bc30db6a] 2025-07-17 14:26:45.561 [http-nio-8080-exec-1] INFO  c.e.w.module.common.aspect.ApiOperationLogAspect - ===== 请求开始：[测试接口], 入参：{"id":0,"name":" ","age":19,"email":"zhuyanmei12_2023@qq.com"}, org.springframework.validation.BeanPropertyBindingResult: 1 errors
Field error in object 'user' on field 'name': rejected value [ ]; codes [NotBlank.user.name,NotBlank.name,NotBlank.java.lang.String,NotBlank]; arguments [org.springframework.context.support.DefaultMessageSourceResolvable: codes [user.name,name]; arguments []; default message [name]]; default message [用户名不能为空],请求类：TestController,请求方法：test=====================
[TracedId: a99e3f33-ef19-46a5-a724-0545bc30db6a] 2025-07-17 14:26:45.567 [http-nio-8080-exec-1] INFO  c.e.w.module.common.aspect.ApiOperationLogAspect - =====请求结束:[测试接口],耗时：17ms,出参：{"success":false,"message":"用户名不能为空","errorCode":null,"data":null}============
[TracedId: d1a5208c-d8ff-4181-abbf-8f3bdfd26ca1] 2025-07-17 14:26:54.425 [http-nio-8080-exec-3] INFO  c.e.w.module.common.aspect.ApiOperationLogAspect - ===== 请求开始：[测试接口], 入参：{"id":0,"name":"111","age":19,"email":"zhuyanmei12_2023@qq.com"}, org.springframework.validation.BeanPropertyBindingResult: 0 errors,请求类：TestController,请求方法：test=====================
[TracedId: d1a5208c-d8ff-4181-abbf-8f3bdfd26ca1] 2025-07-17 14:26:54.425 [http-nio-8080-exec-3] INFO  c.e.w.module.common.aspect.ApiOperationLogAspect - =====请求结束:[测试接口],耗时：0ms,出参：{"success":true,"message":null,"errorCode":null,"data":null}============
